#! /usr/bin/vvp
:ivl_version "10.3 (stable)";
:ivl_delay_selection "TYPICAL";
:vpi_time_precision + 0;
:vpi_module "system";
:vpi_module "vhdl_sys";
:vpi_module "v2005_math";
:vpi_module "va_math";
S_0x564e74b2b190 .scope module, "counter" "counter" 2 1;
 .timescale 0 0;
    .port_info 0 /INPUT 1 "clk"
    .port_info 1 /INPUT 1 "rst"
    .port_info 2 /OUTPUT 3 "q"
o0x7f3f46798018 .functor BUFZ 1, C4<z>; HiZ drive
v0x564e74b2b360_0 .net "clk", 0 0, o0x7f3f46798018;  0 drivers
v0x564e74b6daf0_0 .var "q", 2 0;
o0x7f3f46798078 .functor BUFZ 1, C4<z>; HiZ drive
v0x564e74b6dbd0_0 .net "rst", 0 0, o0x7f3f46798078;  0 drivers
    .scope S_0x564e74b2b190;
T_0 ;
    %pushi/vec4 0, 0, 3;
    %store/vec4 v0x564e74b6daf0_0, 0, 3;
    %load/vec4 v0x564e74b6daf0_0;
    %addi 1, 0, 3;
    %store/vec4 v0x564e74b6daf0_0, 0, 3;
    %end;
    .thread T_0;
    .scope S_0x564e74b2b190;
T_1 ;
    %vpi_call 2 14 "$display", "%b", v0x564e74b6daf0_0 {0 0 0};
    %end;
    .thread T_1;
# The file index is used to find the file name in the following table.
:file_names 3;
    "N/A";
    "<interactive>";
    "A3Q1_gray_3_bit_counter.v";
